<component name="libraryTable">
  <library name="junit4">
    <CLASSES>
      <root url="jar://$APPLICATION_HOME_DIR$/lib/junit4.jar!/" />
      <root url="jar://$USER_HOME$/TransferÃªncias/json-simple-1.1.1.jar!/" />
    </CLASSES>
    <JAVADOC />
    <SOURCES />
  </library>
</component>